2020-11-27 17:13:23,969 ----------------------------------------------------------------------------------------------------
2020-11-27 17:13:23,969 Model: "SequenceTagger(
  (embeddings): StackedEmbeddings(
    (list_embedding_0): FlairEmbeddings(
      (lm): LanguageModel(
        (drop): Dropout(p=0.25, inplace=False)
        (encoder): Embedding(275, 100)
        (rnn): LSTM(100, 2048)
        (decoder): Linear(in_features=2048, out_features=275, bias=True)
      )
    )
    (list_embedding_1): FlairEmbeddings(
      (lm): LanguageModel(
        (drop): Dropout(p=0.25, inplace=False)
        (encoder): Embedding(275, 100)
        (rnn): LSTM(100, 2048)
        (decoder): Linear(in_features=2048, out_features=275, bias=True)
      )
    )
  )
  (word_dropout): WordDropout(p=0.05)
  (locked_dropout): LockedDropout(p=0.3)
  (embedding2nn): Linear(in_features=4096, out_features=4096, bias=True)
  (rnn): LSTM(4096, 256, batch_first=True, bidirectional=True)
  (linear): Linear(in_features=512, out_features=29, bias=True)
  (beta): 1.0
  (weights): None
  (weight_tensor) None
)"
2020-11-27 17:13:23,969 ----------------------------------------------------------------------------------------------------
2020-11-27 17:13:23,969 Corpus: "Corpus: 381 train + 51 dev + 75 test sentences"
2020-11-27 17:13:23,969 ----------------------------------------------------------------------------------------------------
2020-11-27 17:13:23,970 Parameters:
2020-11-27 17:13:23,970  - learning_rate: "0.1"
2020-11-27 17:13:23,970  - mini_batch_size: "65"
2020-11-27 17:13:23,970  - patience: "3"
2020-11-27 17:13:23,970  - anneal_factor: "0.5"
2020-11-27 17:13:23,970  - max_epochs: "1"
2020-11-27 17:13:23,970  - shuffle: "True"
2020-11-27 17:13:23,970  - train_with_dev: "False"
2020-11-27 17:13:23,970  - batch_growth_annealing: "False"
2020-11-27 17:13:23,970 ----------------------------------------------------------------------------------------------------
2020-11-27 17:13:23,970 Model training base path: "resources/1_Some_Setting_Name/1"
2020-11-27 17:13:23,970 ----------------------------------------------------------------------------------------------------
2020-11-27 17:13:23,970 Device: cpu
2020-11-27 17:13:23,970 ----------------------------------------------------------------------------------------------------
2020-11-27 17:13:23,970 Embeddings storage mode: cpu
2020-11-27 17:13:23,971 ----------------------------------------------------------------------------------------------------
2020-11-27 17:13:40,883 epoch 1 - iter 1/6 - loss 29.46338844 - samples/sec: 3.84 - lr: 0.100000
2020-11-27 17:13:51,556 epoch 1 - iter 2/6 - loss 24.69283485 - samples/sec: 6.09 - lr: 0.100000
2020-11-27 17:14:07,556 epoch 1 - iter 3/6 - loss 22.25223541 - samples/sec: 4.06 - lr: 0.100000
2020-11-27 17:14:17,978 epoch 1 - iter 4/6 - loss 20.12587476 - samples/sec: 6.24 - lr: 0.100000
2020-11-27 17:14:28,989 epoch 1 - iter 5/6 - loss 19.41393909 - samples/sec: 5.90 - lr: 0.100000
2020-11-27 17:14:38,322 epoch 1 - iter 6/6 - loss 18.66090759 - samples/sec: 6.97 - lr: 0.100000
2020-11-27 17:14:38,322 ----------------------------------------------------------------------------------------------------
2020-11-27 17:14:38,322 EPOCH 1 done: loss 18.6609 - lr 0.1000000
2020-11-27 17:14:47,584 DEV : loss 13.329813957214355 - score 0.0448
2020-11-27 17:14:47,585 BAD EPOCHS (no improvement): 0
2020-11-27 17:14:48,233 ----------------------------------------------------------------------------------------------------
2020-11-27 17:14:48,233 Testing using best model ...
2020-11-27 17:14:48,234 loading file resources/1_Some_Setting_Name/1/best-model.pt
2020-11-27 17:15:08,099 0.0862	0.0230	0.0364
2020-11-27 17:15:08,099 
Results:
- F1-score (micro) 0.0364
- F1-score (macro) 0.0090

By class:
Biological_chemistry tp: 0 - fp: 0 - fn: 8 - precision: 0.0000 - recall: 0.0000 - f1-score: 0.0000
Biological_parameter tp: 0 - fp: 0 - fn: 8 - precision: 0.0000 - recall: 0.0000 - f1-score: 0.0000
Body_part  tp: 0 - fp: 0 - fn: 14 - precision: 0.0000 - recall: 0.0000 - f1-score: 0.0000
Dosing     tp: 0 - fp: 0 - fn: 5 - precision: 0.0000 - recall: 0.0000 - f1-score: 0.0000
Local_specification tp: 0 - fp: 0 - fn: 4 - precision: 0.0000 - recall: 0.0000 - f1-score: 0.0000
Measurement tp: 0 - fp: 0 - fn: 25 - precision: 0.0000 - recall: 0.0000 - f1-score: 0.0000
Medical_condition tp: 0 - fp: 0 - fn: 45 - precision: 0.0000 - recall: 0.0000 - f1-score: 0.0000
Medical_device tp: 0 - fp: 0 - fn: 1 - precision: 0.0000 - recall: 0.0000 - f1-score: 0.0000
Medical_specification tp: 0 - fp: 0 - fn: 6 - precision: 0.0000 - recall: 0.0000 - f1-score: 0.0000
Medication tp: 0 - fp: 0 - fn: 17 - precision: 0.0000 - recall: 0.0000 - f1-score: 0.0000
Person     tp: 0 - fp: 0 - fn: 12 - precision: 0.0000 - recall: 0.0000 - f1-score: 0.0000
Process    tp: 5 - fp: 53 - fn: 11 - precision: 0.0862 - recall: 0.3125 - f1-score: 0.1351
State_of_health tp: 0 - fp: 0 - fn: 24 - precision: 0.0000 - recall: 0.0000 - f1-score: 0.0000
Time_information tp: 0 - fp: 0 - fn: 10 - precision: 0.0000 - recall: 0.0000 - f1-score: 0.0000
Treatment  tp: 0 - fp: 0 - fn: 22 - precision: 0.0000 - recall: 0.0000 - f1-score: 0.0000
2020-11-27 17:15:08,099 ----------------------------------------------------------------------------------------------------
