2020-11-27 17:18:59,498 ----------------------------------------------------------------------------------------------------
2020-11-27 17:18:59,498 Model: "SequenceTagger(
  (embeddings): StackedEmbeddings(
    (list_embedding_0): FlairEmbeddings(
      (lm): LanguageModel(
        (drop): Dropout(p=0.25, inplace=False)
        (encoder): Embedding(275, 100)
        (rnn): LSTM(100, 2048)
        (decoder): Linear(in_features=2048, out_features=275, bias=True)
      )
    )
    (list_embedding_1): FlairEmbeddings(
      (lm): LanguageModel(
        (drop): Dropout(p=0.25, inplace=False)
        (encoder): Embedding(275, 100)
        (rnn): LSTM(100, 2048)
        (decoder): Linear(in_features=2048, out_features=275, bias=True)
      )
    )
  )
  (word_dropout): WordDropout(p=0.05)
  (locked_dropout): LockedDropout(p=0.3)
  (embedding2nn): Linear(in_features=4096, out_features=4096, bias=True)
  (rnn): LSTM(4096, 256, batch_first=True, bidirectional=True)
  (linear): Linear(in_features=512, out_features=29, bias=True)
  (beta): 1.0
  (weights): None
  (weight_tensor) None
)"
2020-11-27 17:18:59,498 ----------------------------------------------------------------------------------------------------
2020-11-27 17:18:59,498 Corpus: "Corpus: 381 train + 51 dev + 75 test sentences"
2020-11-27 17:18:59,498 ----------------------------------------------------------------------------------------------------
2020-11-27 17:18:59,498 Parameters:
2020-11-27 17:18:59,498  - learning_rate: "0.1"
2020-11-27 17:18:59,498  - mini_batch_size: "65"
2020-11-27 17:18:59,498  - patience: "3"
2020-11-27 17:18:59,498  - anneal_factor: "0.5"
2020-11-27 17:18:59,498  - max_epochs: "1"
2020-11-27 17:18:59,498  - shuffle: "True"
2020-11-27 17:18:59,498  - train_with_dev: "False"
2020-11-27 17:18:59,498  - batch_growth_annealing: "False"
2020-11-27 17:18:59,498 ----------------------------------------------------------------------------------------------------
2020-11-27 17:18:59,498 Model training base path: "resources/1_Some_Setting_Name/4"
2020-11-27 17:18:59,498 ----------------------------------------------------------------------------------------------------
2020-11-27 17:18:59,498 Device: cpu
2020-11-27 17:18:59,498 ----------------------------------------------------------------------------------------------------
2020-11-27 17:18:59,498 Embeddings storage mode: cpu
2020-11-27 17:18:59,499 ----------------------------------------------------------------------------------------------------
2020-11-27 17:19:16,013 epoch 1 - iter 1/6 - loss 30.45082474 - samples/sec: 3.94 - lr: 0.100000
2020-11-27 17:19:33,891 epoch 1 - iter 2/6 - loss 28.34967422 - samples/sec: 3.64 - lr: 0.100000
2020-11-27 17:19:46,475 epoch 1 - iter 3/6 - loss 24.53048452 - samples/sec: 5.17 - lr: 0.100000
2020-11-27 17:19:57,813 epoch 1 - iter 4/6 - loss 22.79124832 - samples/sec: 5.73 - lr: 0.100000
2020-11-27 17:20:10,424 epoch 1 - iter 5/6 - loss 21.83041801 - samples/sec: 5.15 - lr: 0.100000
2020-11-27 17:20:21,902 epoch 1 - iter 6/6 - loss 21.44666386 - samples/sec: 5.66 - lr: 0.100000
2020-11-27 17:20:21,903 ----------------------------------------------------------------------------------------------------
2020-11-27 17:20:21,910 EPOCH 1 done: loss 21.4467 - lr 0.1000000
2020-11-27 17:20:31,730 DEV : loss 16.77390480041504 - score 0.0
2020-11-27 17:20:31,732 BAD EPOCHS (no improvement): 0
2020-11-27 17:20:32,296 ----------------------------------------------------------------------------------------------------
2020-11-27 17:20:32,296 Testing using best model ...
2020-11-27 17:20:32,296 loading file resources/1_Some_Setting_Name/4/best-model.pt
2020-11-27 17:20:52,368 0.0000	0.0000	0.0000
2020-11-27 17:20:52,368 
Results:
- F1-score (micro) 0.0000
- F1-score (macro) 0.0000

By class:
Biological_chemistry tp: 0 - fp: 0 - fn: 4 - precision: 0.0000 - recall: 0.0000 - f1-score: 0.0000
Biological_parameter tp: 0 - fp: 0 - fn: 5 - precision: 0.0000 - recall: 0.0000 - f1-score: 0.0000
Body_part  tp: 0 - fp: 0 - fn: 6 - precision: 0.0000 - recall: 0.0000 - f1-score: 0.0000
Dosing     tp: 0 - fp: 0 - fn: 2 - precision: 0.0000 - recall: 0.0000 - f1-score: 0.0000
Local_specification tp: 0 - fp: 0 - fn: 2 - precision: 0.0000 - recall: 0.0000 - f1-score: 0.0000
Measurement tp: 0 - fp: 0 - fn: 30 - precision: 0.0000 - recall: 0.0000 - f1-score: 0.0000
Medical_condition tp: 0 - fp: 0 - fn: 38 - precision: 0.0000 - recall: 0.0000 - f1-score: 0.0000
Medication tp: 0 - fp: 0 - fn: 9 - precision: 0.0000 - recall: 0.0000 - f1-score: 0.0000
Person     tp: 0 - fp: 0 - fn: 12 - precision: 0.0000 - recall: 0.0000 - f1-score: 0.0000
Process    tp: 0 - fp: 0 - fn: 13 - precision: 0.0000 - recall: 0.0000 - f1-score: 0.0000
State_of_health tp: 0 - fp: 0 - fn: 14 - precision: 0.0000 - recall: 0.0000 - f1-score: 0.0000
Time_information tp: 0 - fp: 0 - fn: 5 - precision: 0.0000 - recall: 0.0000 - f1-score: 0.0000
Treatment  tp: 0 - fp: 0 - fn: 18 - precision: 0.0000 - recall: 0.0000 - f1-score: 0.0000
2020-11-27 17:20:52,368 ----------------------------------------------------------------------------------------------------
